<?xml version="1.0" encoding="UTF-8"?>
<!-- Generated by org.testng.reporters.JUnitReportReporter -->
<testsuite hostname="IN-PG0352T2" failures="0" tests="3" name="com.nagarro.tests.LoginTest" time="19.522" errors="0" timestamp="2024-12-24T23:36:37 IST" skipped="0">
  <testcase classname="com.nagarro.tests.LoginTest" name="validLoginTest" time="10.146"/>
  <system-out/>
  <testcase classname="com.nagarro.tests.LoginTest" name="invalidLoginTest" time="4.283"/>
  <system-out/>
  <testcase classname="com.nagarro.tests.LoginTest" name="createAccountTest" time="5.093"/>
  <system-out/>
</testsuite> <!-- com.nagarro.tests.LoginTest -->
