<?xml version="1.0" encoding="UTF-8"?>
<!-- Generated by org.testng.reporters.JUnitReportReporter -->
<testsuite hostname="IN-PG0352T2" failures="0" tests="2" name="com.nagarro.tests.TestTravelPage" time="12.715" errors="0" timestamp="2024-12-24T19:03:34 IST" skipped="0">
  <testcase classname="com.nagarro.tests.TestTravelPage" name="validateTravelPageTitle" time="6.035"/>
  <system-out/>
  <testcase classname="com.nagarro.tests.TestTravelPage" name="checkFlightPageComponents" time="6.680"/>
  <system-out/>
</testsuite> <!-- com.nagarro.tests.TestTravelPage -->
