<?xml version="1.0" encoding="UTF-8"?>
<!-- Generated by org.testng.reporters.JUnitReportReporter -->
<testsuite hostname="IN-PG0352T2" failures="0" tests="1" name="com.nagarro.tests.ProductSearchTest" time="6.736" errors="0" timestamp="2024-12-24T13:33:16 IST" skipped="0">
  <testcase classname="com.nagarro.tests.ProductSearchTest" name="testProductSearch" time="6.736"/>
  <system-out/>
</testsuite> <!-- com.nagarro.tests.ProductSearchTest -->
