<?xml version="1.0" encoding="UTF-8"?>
<!-- Generated by org.testng.reporters.JUnitReportReporter -->
<testsuite hostname="IN-PG0352T2" failures="0" tests="4" name="com.nagarro.tests.SearchTest" time="28.905" errors="0" timestamp="2024-12-24T23:36:37 IST" skipped="0">
  <testcase classname="com.nagarro.tests.SearchTest" name="testSearchProduct" time="5.781"/>
  <system-out/>
  <testcase classname="com.nagarro.tests.SearchTest" name="testDeliveryForValidPincode" time="8.885"/>
  <system-out/>
  <testcase classname="com.nagarro.tests.SearchTest" name="testInvalidSearchProduct" time="5.402"/>
  <system-out/>
  <testcase classname="com.nagarro.tests.SearchTest" name="testDeliveryForInvalidPincode" time="8.837"/>
  <system-out/>
</testsuite> <!-- com.nagarro.tests.SearchTest -->
