<?xml version="1.0" encoding="UTF-8"?>
<!-- Generated by org.testng.reporters.JUnitReportReporter -->
<testsuite hostname="IN-PG0352T2" failures="0" tests="12" name="com.nagarro.tests.HomePageTest" time="63.431" errors="0" timestamp="2024-12-24T23:36:37 IST" skipped="0">
  <testcase classname="com.nagarro.tests.HomePageTest" name="testCartButtonVisibility" time="3.688"/>
  <system-out/>
  <testcase classname="com.nagarro.tests.HomePageTest" name="testNavigateToElectronicsCategory" time="3.605"/>
  <system-out/>
  <testcase classname="com.nagarro.tests.HomePageTest" name="testBecomeSellerLink" time="8.271"/>
  <system-out/>
  <testcase classname="com.nagarro.tests.HomePageTest" name="testFlipkartLogoVisibility" time="3.560"/>
  <system-out/>
  <testcase classname="com.nagarro.tests.HomePageTest" name="testFooterLinksVisibility" time="4.670"/>
  <system-out/>
  <testcase classname="com.nagarro.tests.HomePageTest" name="testAddToCartFunctionality" time="9.557"/>
  <system-out/>
  <testcase classname="com.nagarro.tests.HomePageTest" name="testSearchBoxPlaceholderText" time="3.583"/>
  <system-out/>
  <testcase classname="com.nagarro.tests.HomePageTest" name="testCustomerCareLink" time="4.550"/>
  <system-out/>
  <testcase classname="com.nagarro.tests.HomePageTest" name="testAdvertiseLink" time="5.333"/>
  <system-out/>
  <testcase classname="com.nagarro.tests.HomePageTest" name="testRoundTripOption" time="7.289"/>
  <system-out/>
  <testcase classname="com.nagarro.tests.HomePageTest" name="testTermsOfUseLink" time="4.404"/>
  <system-out/>
  <testcase classname="com.nagarro.tests.HomePageTest" name="testGiftCardsLink" time="4.921"/>
  <system-out/>
</testsuite> <!-- com.nagarro.tests.HomePageTest -->
