<?xml version="1.0" encoding="UTF-8"?>
<!-- Generated by org.testng.reporters.JUnitReportReporter -->
<testsuite hostname="IN-PG0352T2" failures="0" tests="1" name="com.nagarro.tests.GroceryPageTest" time="5.520" errors="0" timestamp="2024-12-24T23:36:37 IST" skipped="0">
  <testcase classname="com.nagarro.tests.GroceryPageTest" name="testProductSearch" time="5.520"/>
  <system-out/>
</testsuite> <!-- com.nagarro.tests.GroceryPageTest -->
